<?xml version="1.0" encoding="utf-8"?>
<?AutomationStudio Version="4.2.10.53 SP"?>
<Objects>
  <Object
    Path="D:\ASprojects\arm\Logical\Package.pkg"
    LogicalPath=""
    Type="Package"
    LastWriteTime="132828558049104699" />
  <Object
    Path="D:\ASprojects\arm\Logical\Global.typ"
    LogicalPath="Global.typ"
    Type="File"
    LastWriteTime="132798887402965268"
    Private="false" />
  <Object
    Path="D:\ASprojects\arm\Logical\Global.var"
    LogicalPath="Global.var"
    Type="File"
    LastWriteTime="132798887403064698"
    Private="false" />
  <Object
    Path="D:\ASprojects\arm\Logical\Libraries\Package.pkg"
    LogicalPath="Libraries"
    Type="Package"
    LastWriteTime="132810967865518445" />
  <Object
    Path="D:\ASprojects\arm\Logical\Libraries\operator\Binary.lby"
    LogicalPath="Libraries.operator"
    Type="Library"
    LastWriteTime="132798887418340389" />
  <Object
    Path="D:\ASprojects\arm\Logical\Libraries\operator\operator.fun"
    LogicalPath="Libraries.operator.operator.fun"
    Type="File"
    LastWriteTime="132798887418280537"
    Private="false" />
  <Object
    Path="D:\ASprojects\arm\Logical\Libraries\operator\operator.typ"
    LogicalPath="Libraries.operator.operator.typ"
    Type="File"
    LastWriteTime="132798887418320452"
    Private="false" />
  <Object
    Path="D:\ASprojects\arm\Logical\Libraries\operator\operator.var"
    LogicalPath="Libraries.operator.operator.var"
    Type="File"
    LastWriteTime="132798887418340389"
    Private="false" />
  <Object
    Path="D:\ASprojects\arm\Logical\Libraries\runtime\Binary.lby"
    LogicalPath="Libraries.runtime"
    Type="Library"
    LastWriteTime="132798887421353799" />
  <Object
    Path="D:\ASprojects\arm\Logical\Libraries\runtime\runtime.fun"
    LogicalPath="Libraries.runtime.runtime.fun"
    Type="File"
    LastWriteTime="132798887420648185"
    Private="false" />
  <Object
    Path="D:\ASprojects\arm\Logical\Libraries\runtime\runtime.typ"
    LogicalPath="Libraries.runtime.runtime.typ"
    Type="File"
    LastWriteTime="132798887421323861"
    Private="false" />
  <Object
    Path="D:\ASprojects\arm\Logical\Libraries\runtime\runtime.var"
    LogicalPath="Libraries.runtime.runtime.var"
    Type="File"
    LastWriteTime="132798887421343810"
    Private="false" />
  <Object
    Path="D:\ASprojects\arm\Logical\Libraries\astime\Binary.lby"
    LogicalPath="Libraries.astime"
    Type="Library"
    LastWriteTime="132798887423023390" />
  <Object
    Path="D:\ASprojects\arm\Logical\Libraries\astime\astime.fun"
    LogicalPath="Libraries.astime.astime.fun"
    Type="File"
    LastWriteTime="132798887422973521"
    Private="false" />
  <Object
    Path="D:\ASprojects\arm\Logical\Libraries\astime\astime.typ"
    LogicalPath="Libraries.astime.astime.typ"
    Type="File"
    LastWriteTime="132798887422993443"
    Private="false" />
  <Object
    Path="D:\ASprojects\arm\Logical\Libraries\astime\astime.var"
    LogicalPath="Libraries.astime.astime.var"
    Type="File"
    LastWriteTime="132798887423013393"
    Private="false" />
  <Object
    Path="D:\ASprojects\arm\Logical\Libraries\AsIecCon\Binary.lby"
    LogicalPath="Libraries.AsIecCon"
    Type="Library"
    LastWriteTime="132798887425187884" />
  <Object
    Path="D:\ASprojects\arm\Logical\Libraries\AsIecCon\AsIecCon.fun"
    LogicalPath="Libraries.AsIecCon.AsIecCon.fun"
    Type="File"
    LastWriteTime="132798887425148021"
    Private="false" />
  <Object
    Path="D:\ASprojects\arm\Logical\Libraries\AsIecCon\AsIecCon.typ"
    LogicalPath="Libraries.AsIecCon.AsIecCon.typ"
    Type="File"
    LastWriteTime="132798887425167940"
    Private="false" />
  <Object
    Path="D:\ASprojects\arm\Logical\Libraries\AsIecCon\AsIecCon.var"
    LogicalPath="Libraries.AsIecCon.AsIecCon.var"
    Type="File"
    LastWriteTime="132798887425177928"
    Private="false" />
  <Object
    Path="D:\ASprojects\arm\Logical\Libraries\robot\IEC.lby"
    LogicalPath="Libraries.robot"
    Type="Library"
    LastWriteTime="132810970028255629" />
  <Object
    Path="D:\ASprojects\arm\Logical\Libraries\robot\Types.typ"
    LogicalPath="Libraries.robot.Types.typ"
    Type="File"
    LastWriteTime="132847319579608221"
    Private="false" />
  <Object
    Path="D:\ASprojects\arm\Logical\Libraries\robot\Constants.var"
    LogicalPath="Libraries.robot.Constants.var"
    Type="File"
    LastWriteTime="132847319948811952"
    Private="false" />
  <Object
    Path="D:\ASprojects\arm\Logical\Libraries\robot\robot.fun"
    LogicalPath="Libraries.robot.robot.fun"
    Type="File"
    LastWriteTime="132847319832932854"
    Private="false" />
  <Object
    Path="D:\ASprojects\arm\Logical\Libraries\robot\Q_PositionAnimator.ab"
    LogicalPath="Libraries.robot.Q_PositionAnimator.ab"
    Type="File"
    LastWriteTime="132828627836117871"
    Private="false" />
  <Object
    Path="D:\ASprojects\arm\Logical\Program\IEC.prg"
    LogicalPath="Program"
    Type="Program"
    LastWriteTime="132798903009099147" />
  <Object
    Path="D:\ASprojects\arm\Logical\Program\Cyclic.ab"
    LogicalPath="Program.Cyclic.ab"
    Type="File"
    LastWriteTime="132850138838260040"
    Private="false" />
  <Object
    Path="D:\ASprojects\arm\Logical\Program\Init.ab"
    LogicalPath="Program.Init.ab"
    Type="File"
    LastWriteTime="132828584239255626"
    Private="false" />
  <Object
    Path="D:\ASprojects\arm\Logical\Program\Exit.ab"
    LogicalPath="Program.Exit.ab"
    Type="File"
    LastWriteTime="132798903009069231"
    Private="false" />
  <Object
    Path="D:\ASprojects\arm\Logical\Program\Types.typ"
    LogicalPath="Program.Types.typ"
    Type="File"
    LastWriteTime="132850141589126428"
    Private="true" />
  <Object
    Path="D:\ASprojects\arm\Logical\Program\Variables.var"
    LogicalPath="Program.Variables.var"
    Type="File"
    LastWriteTime="132849133021613491"
    Private="true" />
  <Object
    Path="D:\ASprojects\arm\Logical\Visu\Vc.dob"
    LogicalPath="Visu"
    Type="DataObject"
    LastWriteTime="132810980847333045" />
  <Object
    Path="D:\ASprojects\arm\Logical\Visu\VCObject.vc"
    LogicalPath="Visu.VCObject.vc"
    Type="File"
    LastWriteTime="132810980847333045"
    Private="false" />
  <Object
    Path="D:\ASprojects\arm\Physical\Config1\Config.pkg"
    LogicalPath="Config1"
    Type="Configuration"
    LastWriteTime="132810952422982656" />
  <Object
    Path="D:\ASprojects\arm\Physical\Config1\Hardware.hw"
    LogicalPath="Config1.Hardware.hw"
    Type="File"
    LastWriteTime="132828569757934110"
    Private="false" />
  <Object
    Path="D:\ASprojects\arm\Physical\Config1\Hardware.hwl"
    LogicalPath="Config1.Hardware.hwl"
    Type="File"
    LastWriteTime="131091691340000000"
    Private="false" />
  <Object
    Path="D:\ASprojects\arm\Physical\Config1\X20CP1586\Cpu.pkg"
    LogicalPath="Config1.X20CP1586"
    Type="Cpu"
    LastWriteTime="132810996370041224" />
  <Object
    Path="D:\ASprojects\arm\Physical\Config1\X20CP1586\Cpu.sw"
    LogicalPath="Config1.X20CP1586.Cpu.sw"
    Type="File"
    LastWriteTime="132810980849307776"
    Private="false" />
  <Object
    Path="D:\ASprojects\arm\Physical\Config1\X20CP1586\Cpu.per"
    LogicalPath="Config1.X20CP1586.Cpu.per"
    Type="File"
    LastWriteTime="132798887428972297"
    Private="false" />
  <Object
    Path="D:\ASprojects\arm\Physical\Config1\X20CP1586\IoMap.iom"
    LogicalPath="Config1.X20CP1586.IoMap.iom"
    Type="File"
    LastWriteTime="132798887428996812"
    Private="false" />
  <Object
    Path="D:\ASprojects\arm\Physical\Config1\X20CP1586\PvMap.vvm"
    LogicalPath="Config1.X20CP1586.PvMap.vvm"
    Type="File"
    LastWriteTime="132798887429017115"
    Private="false" />
  <Object
    Path="D:\ASprojects\arm\Physical\Config1\X20CP1586\mapp\Package.pkg"
    LogicalPath="Config1.X20CP1586.mapp"
    Type="Package"
    LastWriteTime="132798887429126484" />
  <Object
    Path="D:\ASprojects\arm\Physical\Config1\X20CP1586\Connectivity\Package.pkg"
    LogicalPath="Config1.X20CP1586.Connectivity"
    Type="Package"
    LastWriteTime="132798887429166382" />
  <Object
    Path="D:\ASprojects\arm\Physical\Config1\X20CP1586\Connectivity\OpcUA\Package.pkg"
    LogicalPath="Config1.X20CP1586.Connectivity.OpcUA"
    Type="Package"
    LastWriteTime="132798902430556260" />
  <Object
    Path="D:\ASprojects\arm\Physical\Config1\X20CP1586\Connectivity\OpcUA\OpcUaMap.uad"
    LogicalPath="Config1.X20CP1586.Connectivity.OpcUA.OpcUaMap.uad"
    Type="File"
    LastWriteTime="132850144747748787"
    Private="false" />
  <Object
    Path="D:\ASprojects\arm\Physical\Config1\X20CP1586\TextSystem\Package.pkg"
    LogicalPath="Config1.X20CP1586.TextSystem"
    Type="Package"
    LastWriteTime="132798887429196302" />
  <Object
    Path="D:\ASprojects\arm\Physical\Config1\X20CP1586\AccessAndSecurity\Package.pkg"
    LogicalPath="Config1.X20CP1586.AccessAndSecurity"
    Type="Package"
    LastWriteTime="132798887429474026" />
  <Object
    Path="D:\ASprojects\arm\Physical\Config1\X20CP1586\AccessAndSecurity\UserRoleSystem\Package.pkg"
    LogicalPath="Config1.X20CP1586.AccessAndSecurity.UserRoleSystem"
    Type="Package"
    LastWriteTime="132798887429256142" />
  <Object
    Path="D:\ASprojects\arm\Physical\Config1\X20CP1586\AccessAndSecurity\UserRoleSystem\Role.role"
    LogicalPath="Config1.X20CP1586.AccessAndSecurity.UserRoleSystem.Role.role"
    Type="File"
    LastWriteTime="132798887429236191"
    Private="false" />
  <Object
    Path="D:\ASprojects\arm\Physical\Config1\X20CP1586\AccessAndSecurity\UserRoleSystem\User.user"
    LogicalPath="Config1.X20CP1586.AccessAndSecurity.UserRoleSystem.User.user"
    Type="File"
    LastWriteTime="132798887429256142"
    Private="false" />
  <Object
    Path="D:\ASprojects\arm\Physical\Config1\X20CP1586\AccessAndSecurity\CertificateStore\Package.pkg"
    LogicalPath="Config1.X20CP1586.AccessAndSecurity.CertificateStore"
    Type="Package"
    LastWriteTime="132798887429444105" />
  <Object
    Path="D:\ASprojects\arm\Physical\Config1\X20CP1586\AccessAndSecurity\CertificateStore\OwnCertificates\Package.pkg"
    LogicalPath="Config1.X20CP1586.AccessAndSecurity.CertificateStore.OwnCertificates"
    Type="Package"
    LastWriteTime="132798887429344370" />
  <Object
    Path="D:\ASprojects\arm\Physical\Config1\X20CP1586\AccessAndSecurity\CertificateStore\OwnCertificates\Certificates\Package.pkg"
    LogicalPath="Config1.X20CP1586.AccessAndSecurity.CertificateStore.OwnCertificates.Certificates"
    Type="Package"
    LastWriteTime="132798887429324397" />
  <Object
    Path="D:\ASprojects\arm\Physical\Config1\X20CP1586\AccessAndSecurity\CertificateStore\OwnCertificates\PrivateKeys\Package.pkg"
    LogicalPath="Config1.X20CP1586.AccessAndSecurity.CertificateStore.OwnCertificates.PrivateKeys"
    Type="Package"
    LastWriteTime="132798887429334398" />
  <Object
    Path="D:\ASprojects\arm\Physical\Config1\X20CP1586\AccessAndSecurity\CertificateStore\ThirdPartyCertificates\Package.pkg"
    LogicalPath="Config1.X20CP1586.AccessAndSecurity.CertificateStore.ThirdPartyCertificates"
    Type="Package"
    LastWriteTime="132798887429404213" />
  <Object
    Path="D:\ASprojects\arm\Physical\Config1\X20CP1586\AccessAndSecurity\CertificateStore\ThirdPartyCertificates\SoftwareCertificates\Package.pkg"
    LogicalPath="Config1.X20CP1586.AccessAndSecurity.CertificateStore.ThirdPartyCertificates.SoftwareCertificates"
    Type="Package"
    LastWriteTime="132798887429404213" />
  <Object
    Path="D:\ASprojects\arm\Physical\Config1\X20CP1586\AccessAndSecurity\CertificateStore\CertificateRevocationLists\Package.pkg"
    LogicalPath="Config1.X20CP1586.AccessAndSecurity.CertificateStore.CertificateRevocationLists"
    Type="Package"
    LastWriteTime="132798887429424161" />
  <Object
    Path="D:\ASprojects\arm\Physical\Config1\X20CP1586\AccessAndSecurity\CertificateStore\CertificateSigningRequests\Package.pkg"
    LogicalPath="Config1.X20CP1586.AccessAndSecurity.CertificateStore.CertificateSigningRequests"
    Type="Package"
    LastWriteTime="132798887429444105" />
  <Object
    Path="D:\ASprojects\arm\Physical\Config1\X20CP1586\AccessAndSecurity\TransportLayerSecurity\Package.pkg"
    LogicalPath="Config1.X20CP1586.AccessAndSecurity.TransportLayerSecurity"
    Type="Package"
    LastWriteTime="132798887429474026" />
  <Object
    Path="D:\ASprojects\arm\Physical\Config1\X20CP1586\VC\Package.pkg"
    LogicalPath="Config1.X20CP1586.VC"
    Type="Package"
    LastWriteTime="132810996371963958" />
  <Object
    Path="D:\ASprojects\arm\Physical\Config1\X20CP1586\VC\PS2-Keyboard.dis"
    LogicalPath="Config1.X20CP1586.VC.PS2-Keyboard.dis"
    Type="File"
    LastWriteTime="132810996372172953"
    Private="false" />
  <Object
    Path="D:\ASprojects\arm\Physical\Config1\Hardware.jpg"
    LogicalPath="Config1.Hardware.jpg"
    Type="File"
    LastWriteTime="132798898225826801"
    Private="false" />
  <Object
    Path="D:\ASprojects\arm\Logical\Libraries\AsIecCon\SG4\AsIecCon.h"
    LogicalPath="AsIecCon.h"
    Type="File"
    LastWriteTime="131425858960000000"
    Private="false" />
  <Object
    Path="D:\ASprojects\arm\Logical\Libraries\astime\SG4\astime.h"
    LogicalPath="astime.h"
    Type="File"
    LastWriteTime="131425859000000000"
    Private="false" />
  <Object
    Path="D:\ASprojects\arm\Logical\Libraries\operator\SG4\operator.h"
    LogicalPath="operator.h"
    Type="File"
    LastWriteTime="131425859040000000"
    Private="false" />
  <Object
    Path="D:\ASprojects\arm\Logical\Libraries\robot\SG4\robot.h"
    LogicalPath="robot.h"
    Type="File"
    LastWriteTime="0"
    Private="false" />
  <Object
    Path="D:\ASprojects\arm\Logical\Libraries\runtime\SG4\runtime.h"
    LogicalPath="runtime.h"
    Type="File"
    LastWriteTime="131425859040000000"
    Private="false" />
</Objects>