<?xml version="1.0" encoding="utf-8"?>
<?AutomationStudio Version="4.2.10.53 SP"?>
<Objects>
  <Object
    Path="D:\ASprojects\kursich\Logical\Package.pkg"
    LogicalPath=""
    Type="Package"
    LastWriteTime="132796460445859394" />
  <Object
    Path="D:\ASprojects\kursich\Logical\Global.typ"
    LogicalPath="Global.typ"
    Type="File"
    LastWriteTime="132786750882100098"
    Private="false" />
  <Object
    Path="D:\ASprojects\kursich\Logical\Global.var"
    LogicalPath="Global.var"
    Type="File"
    LastWriteTime="132786750882190226"
    Private="false" />
  <Object
    Path="D:\ASprojects\kursich\Logical\Libraries\Package.pkg"
    LogicalPath="Libraries"
    Type="Package"
    LastWriteTime="132845817014258774" />
  <Object
    Path="D:\ASprojects\kursich\Logical\Libraries\operator\Binary.lby"
    LogicalPath="Libraries.operator"
    Type="Library"
    LastWriteTime="132786750893279524" />
  <Object
    Path="D:\ASprojects\kursich\Logical\Libraries\operator\operator.fun"
    LogicalPath="Libraries.operator.operator.fun"
    Type="File"
    LastWriteTime="132786750893239593"
    Private="false" />
  <Object
    Path="D:\ASprojects\kursich\Logical\Libraries\operator\operator.typ"
    LogicalPath="Libraries.operator.operator.typ"
    Type="File"
    LastWriteTime="132786750893259565"
    Private="false" />
  <Object
    Path="D:\ASprojects\kursich\Logical\Libraries\operator\operator.var"
    LogicalPath="Libraries.operator.operator.var"
    Type="File"
    LastWriteTime="132786750893279524"
    Private="false" />
  <Object
    Path="D:\ASprojects\kursich\Logical\Libraries\runtime\Binary.lby"
    LogicalPath="Libraries.runtime"
    Type="Library"
    LastWriteTime="132786750894725858" />
  <Object
    Path="D:\ASprojects\kursich\Logical\Libraries\runtime\runtime.fun"
    LogicalPath="Libraries.runtime.runtime.fun"
    Type="File"
    LastWriteTime="132786750894586022"
    Private="false" />
  <Object
    Path="D:\ASprojects\kursich\Logical\Libraries\runtime\runtime.typ"
    LogicalPath="Libraries.runtime.runtime.typ"
    Type="File"
    LastWriteTime="132786750894705696"
    Private="false" />
  <Object
    Path="D:\ASprojects\kursich\Logical\Libraries\runtime\runtime.var"
    LogicalPath="Libraries.runtime.runtime.var"
    Type="File"
    LastWriteTime="132786750894725858"
    Private="false" />
  <Object
    Path="D:\ASprojects\kursich\Logical\Libraries\astime\Binary.lby"
    LogicalPath="Libraries.astime"
    Type="Library"
    LastWriteTime="132786750896142454" />
  <Object
    Path="D:\ASprojects\kursich\Logical\Libraries\astime\astime.fun"
    LogicalPath="Libraries.astime.astime.fun"
    Type="File"
    LastWriteTime="132786750896112529"
    Private="false" />
  <Object
    Path="D:\ASprojects\kursich\Logical\Libraries\astime\astime.typ"
    LogicalPath="Libraries.astime.astime.typ"
    Type="File"
    LastWriteTime="132786750896122506"
    Private="false" />
  <Object
    Path="D:\ASprojects\kursich\Logical\Libraries\astime\astime.var"
    LogicalPath="Libraries.astime.astime.var"
    Type="File"
    LastWriteTime="132786750896142454"
    Private="false" />
  <Object
    Path="D:\ASprojects\kursich\Logical\Libraries\AsIecCon\Binary.lby"
    LogicalPath="Libraries.AsIecCon"
    Type="Library"
    LastWriteTime="132786750897533641" />
  <Object
    Path="D:\ASprojects\kursich\Logical\Libraries\AsIecCon\AsIecCon.fun"
    LogicalPath="Libraries.AsIecCon.AsIecCon.fun"
    Type="File"
    LastWriteTime="132786750897493751"
    Private="false" />
  <Object
    Path="D:\ASprojects\kursich\Logical\Libraries\AsIecCon\AsIecCon.typ"
    LogicalPath="Libraries.AsIecCon.AsIecCon.typ"
    Type="File"
    LastWriteTime="132786750897513694"
    Private="false" />
  <Object
    Path="D:\ASprojects\kursich\Logical\Libraries\AsIecCon\AsIecCon.var"
    LogicalPath="Libraries.AsIecCon.AsIecCon.var"
    Type="File"
    LastWriteTime="132786750897523718"
    Private="false" />
  <Object
    Path="D:\ASprojects\kursich\Logical\Libraries\Library_C\ANSIC.lby"
    LogicalPath="Libraries.Library_C"
    Type="Library"
    LastWriteTime="132845827036922431" />
  <Object
    Path="D:\ASprojects\kursich\Logical\Libraries\Library_C\Types.typ"
    LogicalPath="Libraries.Library_C.Types.typ"
    Type="File"
    LastWriteTime="132845934725593511"
    Private="false" />
  <Object
    Path="D:\ASprojects\kursich\Logical\Libraries\Library_C\Constants.var"
    LogicalPath="Libraries.Library_C.Constants.var"
    Type="File"
    LastWriteTime="132786753200970345"
    Private="false" />
  <Object
    Path="D:\ASprojects\kursich\Logical\Libraries\Library_C\Library_C.fun"
    LogicalPath="Libraries.Library_C.Library_C.fun"
    Type="File"
    LastWriteTime="132846967597912132"
    Private="false" />
  <Object
    Path="D:\ASprojects\kursich\Logical\Libraries\Library_C\Engine.c"
    LogicalPath="Libraries.Library_C.Engine.c"
    Type="File"
    LastWriteTime="132845962411198434"
    Private="false" />
  <Object
    Path="D:\ASprojects\kursich\Logical\Libraries\Library_C\Valve.c"
    LogicalPath="Libraries.Library_C.Valve.c"
    Type="File"
    LastWriteTime="132845910937865147"
    Private="false" />
  <Object
    Path="D:\ASprojects\kursich\Logical\Libraries\Library_C\Solval.c"
    LogicalPath="Libraries.Library_C.Solval.c"
    Type="File"
    LastWriteTime="132845885019526817"
    Private="false" />
  <Object
    Path="D:\ASprojects\kursich\Logical\Program\ANSIC.prg"
    LogicalPath="Program"
    Type="Program"
    LastWriteTime="132786865257846810" />
  <Object
    Path="D:\ASprojects\kursich\Logical\Program\Main.c"
    LogicalPath="Program.Main.c"
    Type="File"
    LastWriteTime="132846969752474568"
    Private="false" />
  <Object
    Path="D:\ASprojects\kursich\Logical\Program\Types.typ"
    LogicalPath="Program.Types.typ"
    Type="File"
    LastWriteTime="132798861813938945"
    Private="true" />
  <Object
    Path="D:\ASprojects\kursich\Logical\Program\Variables.var"
    LogicalPath="Program.Variables.var"
    Type="File"
    LastWriteTime="132845976304055421"
    Private="true" />
  <Object
    Path="D:\ASprojects\kursich\Physical\Config1\Config.pkg"
    LogicalPath="Config1"
    Type="Configuration"
    LastWriteTime="132786750927665987" />
  <Object
    Path="D:\ASprojects\kursich\Physical\Config1\Hardware.hw"
    LogicalPath="Config1.Hardware.hw"
    Type="File"
    LastWriteTime="132786750898866127"
    Private="false" />
  <Object
    Path="D:\ASprojects\kursich\Physical\Config1\Hardware.hwl"
    LogicalPath="Config1.Hardware.hwl"
    Type="File"
    LastWriteTime="131091691340000000"
    Private="false" />
  <Object
    Path="D:\ASprojects\kursich\Physical\Config1\PC\Cpu.pkg"
    LogicalPath="Config1.PC"
    Type="Cpu"
    LastWriteTime="132796467665624211" />
  <Object
    Path="D:\ASprojects\kursich\Physical\Config1\PC\Cpu.sw"
    LogicalPath="Config1.PC.Cpu.sw"
    Type="File"
    LastWriteTime="132845817015795219"
    Private="false" />
  <Object
    Path="D:\ASprojects\kursich\Physical\Config1\PC\Cpu.per"
    LogicalPath="Config1.PC.Cpu.per"
    Type="File"
    LastWriteTime="132786750902616913"
    Private="false" />
  <Object
    Path="D:\ASprojects\kursich\Physical\Config1\PC\IoMap.iom"
    LogicalPath="Config1.PC.IoMap.iom"
    Type="File"
    LastWriteTime="132786750902648599"
    Private="false" />
  <Object
    Path="D:\ASprojects\kursich\Physical\Config1\PC\PvMap.vvm"
    LogicalPath="Config1.PC.PvMap.vvm"
    Type="File"
    LastWriteTime="132786750902708450"
    Private="false" />
  <Object
    Path="D:\ASprojects\kursich\Physical\Config1\PC\mapp\Package.pkg"
    LogicalPath="Config1.PC.mapp"
    Type="Package"
    LastWriteTime="132786750903078375" />
  <Object
    Path="D:\ASprojects\kursich\Physical\Config1\PC\Connectivity\Package.pkg"
    LogicalPath="Config1.PC.Connectivity"
    Type="Package"
    LastWriteTime="132786750903130427" />
  <Object
    Path="D:\ASprojects\kursich\Physical\Config1\PC\Connectivity\OpcUA\Package.pkg"
    LogicalPath="Config1.PC.Connectivity.OpcUA"
    Type="Package"
    LastWriteTime="132786750903120439" />
  <Object
    Path="D:\ASprojects\kursich\Physical\Config1\PC\TextSystem\Package.pkg"
    LogicalPath="Config1.PC.TextSystem"
    Type="Package"
    LastWriteTime="132786750903150376" />
  <Object
    Path="D:\ASprojects\kursich\Physical\Config1\PC\AccessAndSecurity\Package.pkg"
    LogicalPath="Config1.PC.AccessAndSecurity"
    Type="Package"
    LastWriteTime="132786750903604136" />
  <Object
    Path="D:\ASprojects\kursich\Physical\Config1\PC\AccessAndSecurity\UserRoleSystem\Package.pkg"
    LogicalPath="Config1.PC.AccessAndSecurity.UserRoleSystem"
    Type="Package"
    LastWriteTime="132786750903220190" />
  <Object
    Path="D:\ASprojects\kursich\Physical\Config1\PC\AccessAndSecurity\UserRoleSystem\Role.role"
    LogicalPath="Config1.PC.AccessAndSecurity.UserRoleSystem.Role.role"
    Type="File"
    LastWriteTime="132786750903200396"
    Private="false" />
  <Object
    Path="D:\ASprojects\kursich\Physical\Config1\PC\AccessAndSecurity\UserRoleSystem\User.user"
    LogicalPath="Config1.PC.AccessAndSecurity.UserRoleSystem.User.user"
    Type="File"
    LastWriteTime="132786750903220190"
    Private="false" />
  <Object
    Path="D:\ASprojects\kursich\Physical\Config1\PC\AccessAndSecurity\CertificateStore\Package.pkg"
    LogicalPath="Config1.PC.AccessAndSecurity.CertificateStore"
    Type="Package"
    LastWriteTime="132786750903574214" />
  <Object
    Path="D:\ASprojects\kursich\Physical\Config1\PC\AccessAndSecurity\CertificateStore\OwnCertificates\Package.pkg"
    LogicalPath="Config1.PC.AccessAndSecurity.CertificateStore.OwnCertificates"
    Type="Package"
    LastWriteTime="132786750903310267" />
  <Object
    Path="D:\ASprojects\kursich\Physical\Config1\PC\AccessAndSecurity\CertificateStore\OwnCertificates\Certificates\Package.pkg"
    LogicalPath="Config1.PC.AccessAndSecurity.CertificateStore.OwnCertificates.Certificates"
    Type="Package"
    LastWriteTime="132786750903280030" />
  <Object
    Path="D:\ASprojects\kursich\Physical\Config1\PC\AccessAndSecurity\CertificateStore\OwnCertificates\PrivateKeys\Package.pkg"
    LogicalPath="Config1.PC.AccessAndSecurity.CertificateStore.OwnCertificates.PrivateKeys"
    Type="Package"
    LastWriteTime="132786750903299984" />
  <Object
    Path="D:\ASprojects\kursich\Physical\Config1\PC\AccessAndSecurity\CertificateStore\ThirdPartyCertificates\Package.pkg"
    LogicalPath="Config1.PC.AccessAndSecurity.CertificateStore.ThirdPartyCertificates"
    Type="Package"
    LastWriteTime="132786750903349849" />
  <Object
    Path="D:\ASprojects\kursich\Physical\Config1\PC\AccessAndSecurity\CertificateStore\ThirdPartyCertificates\SoftwareCertificates\Package.pkg"
    LogicalPath="Config1.PC.AccessAndSecurity.CertificateStore.ThirdPartyCertificates.SoftwareCertificates"
    Type="Package"
    LastWriteTime="132786750903339889" />
  <Object
    Path="D:\ASprojects\kursich\Physical\Config1\PC\AccessAndSecurity\CertificateStore\CertificateRevocationLists\Package.pkg"
    LogicalPath="Config1.PC.AccessAndSecurity.CertificateStore.CertificateRevocationLists"
    Type="Package"
    LastWriteTime="132786750903359816" />
  <Object
    Path="D:\ASprojects\kursich\Physical\Config1\PC\AccessAndSecurity\CertificateStore\CertificateSigningRequests\Package.pkg"
    LogicalPath="Config1.PC.AccessAndSecurity.CertificateStore.CertificateSigningRequests"
    Type="Package"
    LastWriteTime="132786750903574214" />
  <Object
    Path="D:\ASprojects\kursich\Physical\Config1\PC\AccessAndSecurity\TransportLayerSecurity\Package.pkg"
    LogicalPath="Config1.PC.AccessAndSecurity.TransportLayerSecurity"
    Type="Package"
    LastWriteTime="132786750903594179" />
  <Object
    Path="D:\ASprojects\kursich\Physical\Config1\Hardware.jpg"
    LogicalPath="Config1.Hardware.jpg"
    Type="File"
    LastWriteTime="132786848610608955"
    Private="false" />
  <Object
    Path="D:\ASprojects\kursich\Logical\Libraries\AsIecCon\SG4\AsIecCon.h"
    LogicalPath="AsIecCon.h"
    Type="File"
    LastWriteTime="131425858960000000"
    Private="false" />
  <Object
    Path="D:\ASprojects\kursich\Logical\Libraries\astime\SG4\astime.h"
    LogicalPath="astime.h"
    Type="File"
    LastWriteTime="131425859000000000"
    Private="false" />
  <Object
    Path="D:\ASprojects\kursich\Logical\Libraries\Library_C\SG4\Library_C.h"
    LogicalPath="Library_C.h"
    Type="File"
    LastWriteTime="0"
    Private="false" />
  <Object
    Path="D:\ASprojects\kursich\Logical\Libraries\operator\SG4\operator.h"
    LogicalPath="operator.h"
    Type="File"
    LastWriteTime="131425859040000000"
    Private="false" />
  <Object
    Path="D:\ASprojects\kursich\Logical\Libraries\runtime\SG4\runtime.h"
    LogicalPath="runtime.h"
    Type="File"
    LastWriteTime="131425859040000000"
    Private="false" />
</Objects>